# JRE version: Java(TM) SE Runtime Environment (17.0+35) (build 17+35-LTS-2724)
# Java VM: Java HotSpot(TM) 64-Bit Server VM (17+35-LTS-2724, mixed mode, sharing, tiered, compressed oops, compressed class ptrs, g1 gc, windows-amd64)
GC Precious Log:
 CPUs: 8 total, 8 available
 Memory: 7975M
 Large Page Support: Disabled
 NUMA Support: Disabled
 Compressed Oops: Enabled (32-bit)
 Heap Region Size: 1M
 Heap Min Capacity: 8M
 Heap Initial Capacity: 126M
 Heap Max Capacity: 2G
 Pre-touch: Disabled
 Parallel Workers: 8
 Concurrent Workers: 2
 Concurrent Refinement Workers: 8
 Periodic GC: Disabled
Heap:
 garbage-first heap   total 375808K, used 299160K [0x0000000080000000, 0x0000000100000000)
  region size 1024K, 93 young (95232K), 5 survivors (5120K)
 Metaspace       used 110153K, committed 111552K, reserved 520192K
  class space    used 15166K, committed 15808K, reserved 421888K
GC Heap History (20 events):
Event: 56.466 GC heap before
{Heap before GC invocations=64 (full 0):
 garbage-first heap   total 265216K, used 226808K [0x0000000080000000, 0x0000000100000000)
  region size 1024K, 28 young (28672K), 3 survivors (3072K)
 Metaspace       used 107294K, committed 108608K, reserved 520192K
  class space    used 14932K, committed 15552K, reserved 421888K
}
Event: 56.473 GC heap after
{Heap after GC invocations=65 (full 0):
 garbage-first heap   total 265216K, used 203297K [0x0000000080000000, 0x0000000100000000)
  region size 1024K, 3 young (3072K), 3 survivors (3072K)
 Metaspace       used 107294K, committed 108608K, reserved 520192K
  class space    used 14932K, committed 15552K, reserved 421888K
}
Event: 56.858 GC heap before
{Heap before GC invocations=65 (full 0):
 garbage-first heap   total 265216K, used 227873K [0x0000000080000000, 0x0000000100000000)
  region size 1024K, 27 young (27648K), 3 survivors (3072K)
 Metaspace       used 107588K, committed 108928K, reserved 520192K
  class space    used 14969K, committed 15616K, reserved 421888K
}
Event: 56.868 GC heap after
{Heap after GC invocations=66 (full 0):
 garbage-first heap   total 265216K, used 206208K [0x0000000080000000, 0x0000000100000000)
  region size 1024K, 3 young (3072K), 3 survivors (3072K)
 Metaspace       used 107588K, committed 108928K, reserved 520192K
  class space    used 14969K, committed 15616K, reserved 421888K
}
Event: 57.196 GC heap before
{Heap before GC invocations=66 (full 0):
 garbage-first heap   total 265216K, used 227712K [0x0000000080000000, 0x0000000100000000)
  region size 1024K, 25 young (25600K), 3 survivors (3072K)
 Metaspace       used 108083K, committed 109376K, reserved 520192K
  class space    used 15011K, committed 15616K, reserved 421888K
}
Event: 57.206 GC heap after
{Heap after GC invocations=67 (full 0):
 garbage-first heap   total 318464K, used 209232K [0x0000000080000000, 0x0000000100000000)
  region size 1024K, 3 young (3072K), 3 survivors (3072K)
 Metaspace       used 108083K, committed 109376K, reserved 520192K
  class space    used 15011K, committed 15616K, reserved 421888K
}
Event: 57.228 GC heap before
{Heap before GC invocations=67 (full 0):
 garbage-first heap   total 318464K, used 210256K [0x0000000080000000, 0x0000000100000000)
  region size 1024K, 5 young (5120K), 3 survivors (3072K)
 Metaspace       used 108194K, committed 109440K, reserved 520192K
  class space    used 15022K, committed 15616K, reserved 421888K
}
Event: 57.234 GC heap after
{Heap after GC invocations=68 (full 0):
 garbage-first heap   total 318464K, used 209018K [0x0000000080000000, 0x0000000100000000)
  region size 1024K, 3 young (3072K), 3 survivors (3072K)
 Metaspace       used 108194K, committed 109440K, reserved 520192K
  class space    used 15022K, committed 15616K, reserved 421888K
}
Event: 58.700 GC heap before
{Heap before GC invocations=69 (full 0):
 garbage-first heap   total 370688K, used 263290K [0x0000000080000000, 0x0000000100000000)
  region size 1024K, 51 young (52224K), 3 survivors (3072K)
 Metaspace       used 109565K, committed 110848K, reserved 520192K
  class space    used 15108K, committed 15744K, reserved 421888K
}
Event: 58.714 GC heap after
{Heap after GC invocations=70 (full 0):
 garbage-first heap   total 370688K, used 214278K [0x0000000080000000, 0x0000000100000000)
  region size 1024K, 7 young (7168K), 7 survivors (7168K)
 Metaspace       used 109565K, committed 110848K, reserved 520192K
  class space    used 15108K, committed 15744K, reserved 421888K
}
Event: 58.962 GC heap before
{Heap before GC invocations=70 (full 0):
 garbage-first heap   total 370688K, used 225542K [0x0000000080000000, 0x0000000100000000)
  region size 1024K, 18 young (18432K), 7 survivors (7168K)
 Metaspace       used 109578K, committed 110912K, reserved 520192K
  class space    used 15108K, committed 15744K, reserved 421888K
}
Event: 58.977 GC heap after
{Heap after GC invocations=71 (full 0):
 garbage-first heap   total 370688K, used 209016K [0x0000000080000000, 0x0000000100000000)
  region size 1024K, 3 young (3072K), 3 survivors (3072K)
 Metaspace       used 109578K, committed 110912K, reserved 520192K
  class space    used 15108K, committed 15744K, reserved 421888K
}
Event: 60.685 GC heap before
{Heap before GC invocations=71 (full 0):
 garbage-first heap   total 370688K, used 292984K [0x0000000080000000, 0x0000000100000000)
  region size 1024K, 85 young (87040K), 3 survivors (3072K)
 Metaspace       used 110000K, committed 111360K, reserved 520192K
  class space    used 15153K, committed 15744K, reserved 421888K
}
Event: 60.786 GC heap after
{Heap after GC invocations=72 (full 0):
 garbage-first heap   total 370688K, used 211087K [0x0000000080000000, 0x0000000100000000)
  region size 1024K, 5 young (5120K), 5 survivors (5120K)
 Metaspace       used 110000K, committed 111360K, reserved 520192K
  class space    used 15153K, committed 15744K, reserved 421888K
}
Event: 63.850 GC heap before
{Heap before GC invocations=73 (full 0):
 garbage-first heap   total 375808K, used 301199K [0x0000000080000000, 0x0000000100000000)
  region size 1024K, 93 young (95232K), 5 survivors (5120K)
 Metaspace       used 110001K, committed 111360K, reserved 520192K
  class space    used 15153K, committed 15744K, reserved 421888K
}
Event: 63.864 GC heap after
{Heap after GC invocations=74 (full 0):
 garbage-first heap   total 375808K, used 213256K [0x0000000080000000, 0x0000000100000000)
  region size 1024K, 7 young (7168K), 7 survivors (7168K)
 Metaspace       used 110001K, committed 111360K, reserved 520192K
  class space    used 15153K, committed 15744K, reserved 421888K
}
Event: 64.708 GC heap before
{Heap before GC invocations=74 (full 0):
 garbage-first heap   total 375808K, used 223496K [0x0000000080000000, 0x0000000100000000)
  region size 1024K, 18 young (18432K), 7 survivors (7168K)
 Metaspace       used 110004K, committed 111360K, reserved 520192K
  class space    used 15153K, committed 15744K, reserved 421888K
}
Event: 64.755 GC heap after
{Heap after GC invocations=75 (full 0):
 garbage-first heap   total 375808K, used 209748K [0x0000000080000000, 0x0000000100000000)
  region size 1024K, 3 young (3072K), 3 survivors (3072K)
 Metaspace       used 110004K, committed 111360K, reserved 520192K
  class space    used 15153K, committed 15744K, reserved 421888K
}
Event: 66.484 GC heap before
{Heap before GC invocations=75 (full 0):
 garbage-first heap   total 375808K, used 308052K [0x0000000080000000, 0x0000000100000000)
  region size 1024K, 99 young (101376K), 3 survivors (3072K)
 Metaspace       used 110004K, committed 111360K, reserved 520192K
  class space    used 15153K, committed 15744K, reserved 421888K
}
Event: 66.489 GC heap after
{Heap after GC invocations=76 (full 0):
 garbage-first heap   total 375808K, used 211096K [0x0000000080000000, 0x0000000100000000)
  region size 1024K, 5 young (5120K), 5 survivors (5120K)
 Metaspace       used 110004K, committed 111360K, reserved 520192K
  class space    used 15153K, committed 15744K, reserved 421888K
}

