# JRE version: Java(TM) SE Runtime Environment (17.0+35) (build 17+35-LTS-2724)
# Java VM: Java HotSpot(TM) 64-Bit Server VM (17+35-LTS-2724, mixed mode, sharing, tiered, compressed oops, compressed class ptrs, g1 gc, windows-amd64)
GC Precious Log:
 CPUs: 8 total, 8 available
 Memory: 7975M
 Large Page Support: Disabled
 NUMA Support: Disabled
 Compressed Oops: Enabled (32-bit)
 Heap Region Size: 1M
 Heap Min Capacity: 8M
 Heap Initial Capacity: 126M
 Heap Max Capacity: 2G
 Pre-touch: Disabled
 Parallel Workers: 8
 Concurrent Workers: 2
 Concurrent Refinement Workers: 8
 Periodic GC: Disabled
Heap:
 garbage-first heap   total 160768K, used 93700K [0x0000000080000000, 0x0000000100000000)
  region size 1024K, 2 young (2048K), 2 survivors (2048K)
 Metaspace       used 77939K, committed 78720K, reserved 495616K
  class space    used 10893K, committed 11264K, reserved 421888K
GC Heap History (20 events):
Event: 26.226 GC heap after
{Heap after GC invocations=32 (full 0):
 garbage-first heap   total 116736K, used 68977K [0x0000000080000000, 0x0000000100000000)
  region size 1024K, 1 young (1024K), 1 survivors (1024K)
 Metaspace       used 63687K, committed 64384K, reserved 479232K
  class space    used 9005K, committed 9344K, reserved 421888K
}
Event: 26.732 GC heap before
{Heap before GC invocations=32 (full 0):
 garbage-first heap   total 116736K, used 92529K [0x0000000080000000, 0x0000000100000000)
  region size 1024K, 25 young (25600K), 1 survivors (1024K)
 Metaspace       used 65373K, committed 66112K, reserved 479232K
  class space    used 9250K, committed 9600K, reserved 421888K
}
Event: 26.737 GC heap after
{Heap after GC invocations=33 (full 0):
 garbage-first heap   total 149504K, used 70324K [0x0000000080000000, 0x0000000100000000)
  region size 1024K, 2 young (2048K), 2 survivors (2048K)
 Metaspace       used 65373K, committed 66112K, reserved 479232K
  class space    used 9250K, committed 9600K, reserved 421888K
}
Event: 27.532 GC heap before
{Heap before GC invocations=34 (full 0):
 garbage-first heap   total 149504K, used 114356K [0x0000000080000000, 0x0000000100000000)
  region size 1024K, 46 young (47104K), 2 survivors (2048K)
 Metaspace       used 67777K, committed 68544K, reserved 487424K
  class space    used 9698K, committed 10048K, reserved 421888K
}
Event: 27.540 GC heap after
{Heap after GC invocations=35 (full 0):
 garbage-first heap   total 149504K, used 74962K [0x0000000080000000, 0x0000000100000000)
  region size 1024K, 6 young (6144K), 6 survivors (6144K)
 Metaspace       used 67777K, committed 68544K, reserved 487424K
  class space    used 9698K, committed 10048K, reserved 421888K
}
Event: 27.546 GC heap before
{Heap before GC invocations=35 (full 0):
 garbage-first heap   total 149504K, used 75986K [0x0000000080000000, 0x0000000100000000)
  region size 1024K, 7 young (7168K), 6 survivors (6144K)
 Metaspace       used 67780K, committed 68544K, reserved 487424K
  class space    used 9698K, committed 10048K, reserved 421888K
}
Event: 27.552 GC heap after
{Heap after GC invocations=36 (full 0):
 garbage-first heap   total 149504K, used 75169K [0x0000000080000000, 0x0000000100000000)
  region size 1024K, 1 young (1024K), 1 survivors (1024K)
 Metaspace       used 67780K, committed 68544K, reserved 487424K
  class space    used 9698K, committed 10048K, reserved 421888K
}
Event: 27.757 GC heap before
{Heap before GC invocations=36 (full 0):
 garbage-first heap   total 149504K, used 102817K [0x0000000080000000, 0x0000000100000000)
  region size 1024K, 30 young (30720K), 1 survivors (1024K)
 Metaspace       used 67955K, committed 68672K, reserved 487424K
  class space    used 9709K, committed 10048K, reserved 421888K
}
Event: 27.760 GC heap after
{Heap after GC invocations=37 (full 0):
 garbage-first heap   total 149504K, used 77160K [0x0000000080000000, 0x0000000100000000)
  region size 1024K, 3 young (3072K), 3 survivors (3072K)
 Metaspace       used 67955K, committed 68672K, reserved 487424K
  class space    used 9709K, committed 10048K, reserved 421888K
}
Event: 28.377 GC heap before
{Heap before GC invocations=38 (full 0):
 garbage-first heap   total 149504K, used 123240K [0x0000000080000000, 0x0000000100000000)
  region size 1024K, 43 young (44032K), 3 survivors (3072K)
 Metaspace       used 70050K, committed 70720K, reserved 487424K
  class space    used 9974K, committed 10304K, reserved 421888K
}
Event: 28.382 GC heap after
{Heap after GC invocations=39 (full 0):
 garbage-first heap   total 149504K, used 89104K [0x0000000080000000, 0x0000000100000000)
  region size 1024K, 6 young (6144K), 6 survivors (6144K)
 Metaspace       used 70050K, committed 70720K, reserved 487424K
  class space    used 9974K, committed 10304K, reserved 421888K
}
Event: 28.405 GC heap before
{Heap before GC invocations=39 (full 0):
 garbage-first heap   total 149504K, used 89104K [0x0000000080000000, 0x0000000100000000)
  region size 1024K, 7 young (7168K), 6 survivors (6144K)
 Metaspace       used 70092K, committed 70784K, reserved 487424K
  class space    used 9981K, committed 10304K, reserved 421888K
}
Event: 28.409 GC heap after
{Heap after GC invocations=40 (full 0):
 garbage-first heap   total 149504K, used 88071K [0x0000000080000000, 0x0000000100000000)
  region size 1024K, 1 young (1024K), 1 survivors (1024K)
 Metaspace       used 70092K, committed 70784K, reserved 487424K
  class space    used 9981K, committed 10304K, reserved 421888K
}
Event: 28.798 GC heap before
{Heap before GC invocations=40 (full 0):
 garbage-first heap   total 149504K, used 119815K [0x0000000080000000, 0x0000000100000000)
  region size 1024K, 33 young (33792K), 1 survivors (1024K)
 Metaspace       used 73090K, committed 73856K, reserved 487424K
  class space    used 10272K, committed 10624K, reserved 421888K
}
Event: 28.801 GC heap after
{Heap after GC invocations=41 (full 0):
 garbage-first heap   total 149504K, used 88699K [0x0000000080000000, 0x0000000100000000)
  region size 1024K, 2 young (2048K), 2 survivors (2048K)
 Metaspace       used 73090K, committed 73856K, reserved 487424K
  class space    used 10272K, committed 10624K, reserved 421888K
}
Event: 29.270 GC heap before
{Heap before GC invocations=42 (full 0):
 garbage-first heap   total 160768K, used 127611K [0x0000000080000000, 0x0000000100000000)
  region size 1024K, 34 young (34816K), 2 survivors (2048K)
 Metaspace       used 75160K, committed 75904K, reserved 487424K
  class space    used 10531K, committed 10880K, reserved 421888K
}
Event: 29.274 GC heap after
{Heap after GC invocations=43 (full 0):
 garbage-first heap   total 160768K, used 92542K [0x0000000080000000, 0x0000000100000000)
  region size 1024K, 5 young (5120K), 5 survivors (5120K)
 Metaspace       used 75160K, committed 75904K, reserved 487424K
  class space    used 10531K, committed 10880K, reserved 421888K
}
Event: 29.305 GC heap before
{Heap before GC invocations=43 (full 0):
 garbage-first heap   total 160768K, used 94590K [0x0000000080000000, 0x0000000100000000)
  region size 1024K, 7 young (7168K), 5 survivors (5120K)
 Metaspace       used 75285K, committed 76032K, reserved 487424K
  class space    used 10555K, committed 10944K, reserved 421888K
}
Event: 29.309 GC heap after
{Heap after GC invocations=44 (full 0):
 garbage-first heap   total 160768K, used 92403K [0x0000000080000000, 0x0000000100000000)
  region size 1024K, 1 young (1024K), 1 survivors (1024K)
 Metaspace       used 75285K, committed 76032K, reserved 487424K
  class space    used 10555K, committed 10944K, reserved 421888K
}
Event: 29.877 GC heap before
{Heap before GC invocations=44 (full 0):
 garbage-first heap   total 160768K, used 130291K [0x0000000080000000, 0x0000000100000000)
  region size 1024K, 38 young (38912K), 1 survivors (1024K)
 Metaspace       used 77939K, committed 78720K, reserved 495616K
  class space    used 10893K, committed 11264K, reserved 421888K
}

